[21:04:15] [main/INFO]: Loading Minecraft 1.18.1 with Fabric Loader 0.13.1
[21:04:15] [main/INFO]: Fabric is preparing JARs on first launch, this may take a few seconds...
[21:04:15] [main/INFO]: Loading 3 mods:
	- fabricloader 0.13.1
	- java 17
	- minecraft 1.18.1
[21:04:16] [main/INFO]: SpongePowered MIXIN Subsystem Version=0.8.5 Source=file:/C:/Users/Collin/AppData/Roaming/.minecraft/libraries/net/fabricmc/sponge-mixin/0.11.1+mixin.0.8.5/sponge-mixin-0.11.1+mixin.0.8.5.jar Service=Knot/Fabric Env=CLIENT
[21:04:21] [Render thread/INFO]: Environment: authHost='https://authserver.mojang.com', accountsHost='https://api.mojang.com', sessionHost='https://sessionserver.mojang.com', servicesHost='https://api.minecraftservices.com', name='PROD'
[21:04:23] [Render thread/INFO]: Setting user: VisualSource
[21:04:23] [Render thread/INFO]: Backend library: LWJGL version 3.2.2 build 10
[21:04:26] [Render thread/INFO]: Narrator library for x64 successfully loaded
[21:04:27] [Render thread/INFO]: Reloading ResourceManager: Default
[21:04:32] [Render thread/INFO]: OpenAL initialized on device OpenAL Soft on Speakers (USB audio CODEC)
[21:04:32] [Render thread/INFO]: Sound engine started
[21:04:32] [Render thread/INFO]: Created: 1024x1024x4 minecraft:textures/atlas/blocks.png-atlas
[21:04:32] [Render thread/INFO]: Created: 256x128x4 minecraft:textures/atlas/signs.png-atlas
[21:04:32] [Render thread/INFO]: Created: 1024x512x4 minecraft:textures/atlas/banner_patterns.png-atlas
[21:04:32] [Render thread/INFO]: Created: 1024x512x4 minecraft:textures/atlas/shield_patterns.png-atlas
[21:04:32] [Render thread/INFO]: Created: 256x256x4 minecraft:textures/atlas/chest.png-atlas
[21:04:32] [Render thread/INFO]: Created: 512x256x4 minecraft:textures/atlas/beds.png-atlas
[21:04:32] [Render thread/INFO]: Created: 512x256x4 minecraft:textures/atlas/shulker_boxes.png-atlas
[21:04:33] [Render thread/INFO]: Created: 256x256x0 minecraft:textures/atlas/particles.png-atlas
[21:04:33] [Render thread/INFO]: Created: 256x256x0 minecraft:textures/atlas/paintings.png-atlas
[21:04:33] [Render thread/INFO]: Created: 256x128x0 minecraft:textures/atlas/mob_effects.png-atlas
[21:04:39] [pool-3-thread-1/WARN]: Failed fetching news from Realms, falling back to local cache
net.minecraft.class_4355: Could not connect to Realms: Read timed out
	at net.minecraft.class_4341.method_20998(class_4341.java:438) ~[client-intermediary.jar:?]
	at net.minecraft.class_4341.method_21032(class_4341.java:371) ~[client-intermediary.jar:?]
	at net.minecraft.class_4360.method_33417(class_4360.java:257) ~[client-intermediary.jar:?]
	at net.minecraft.class_4360.method_33416(class_4360.java:243) ~[client-intermediary.jar:?]
	at net.minecraft.class_5784.run(class_5784.java:32) [client-intermediary.jar:?]
	at java.util.concurrent.Executors$RunnableAdapter.call(Executors.java:539) [?:?]
	at java.util.concurrent.FutureTask.runAndReset(FutureTask.java:305) [?:?]
	at java.util.concurrent.ScheduledThreadPoolExecutor$ScheduledFutureTask.run(ScheduledThreadPoolExecutor.java:305) [?:?]
	at java.util.concurrent.ThreadPoolExecutor.runWorker(ThreadPoolExecutor.java:1136) [?:?]
	at java.util.concurrent.ThreadPoolExecutor$Worker.run(ThreadPoolExecutor.java:635) [?:?]
	at java.lang.Thread.run(Thread.java:833) [?:?]
[21:04:47] [MCO Compatability Checker #1/INFO]: Realms is available for this user
[21:04:48] [Realms Texture Downloader/INFO]: Environment: authHost='https://authserver.mojang.com', accountsHost='https://api.mojang.com', sessionHost='https://sessionserver.mojang.com', servicesHost='https://api.minecraftservices.com', name='PROD'
[21:05:06] [Render thread/INFO]: Stopping!
