[19Jan2022 12:39:10.537] [main/INFO] [cpw.mods.modlauncher.Launcher/MODLAUNCHER]: ModLauncher running: args [--launchTarget, forgeclient, --fml.forgeVersion, 39.0.44, --fml.mcVersion, 1.18.1, --fml.forgeGroup, net.minecraftforge, --fml.mcpVersion, 20211210.034407, --username, Player 4, --version, 1.18.1-forge-39.0.44, --gameDir, C:\Users\Collin\AppData\Roaming\.minecraft, --assetsDir, C:\Users\Collin\AppData\Roaming\.minecraft\assets, --assetIndex, 1.18, --uuid, RXtCMGWW-13AC-EYCO-qJor-yIP_ylCR5GE5, --accessToken, ????????, --clientId, ${clientid}, --xuid, ${auth_xuid}, --userType, mojang, --versionType, release]
[19Jan2022 12:39:10.545] [main/INFO] [cpw.mods.modlauncher.Launcher/MODLAUNCHER]: ModLauncher 9.1.0+9.1.0+main.6690ee51 starting: java version 17.0.1 by Microsoft
[19Jan2022 12:39:10.564] [main/DEBUG] [cpw.mods.modlauncher.LaunchServiceHandler/MODLAUNCHER]: Found launch services [fmlclientdev,forgeclient,minecraft,fmlserveruserdev,fmlclient,fmldatauserdev,forgeserverdev,forgeserveruserdev,forgeclientdev,forgeclientuserdev,forgeserver,forgedatadev,fmlserver,fmlclientuserdev,fmlserverdev,forgedatauserdev,testharness]
[19Jan2022 12:39:10.581] [main/DEBUG] [cpw.mods.modlauncher.NameMappingServiceHandler/MODLAUNCHER]: Found naming services : [srgtomcp]
[19Jan2022 12:39:10.595] [main/DEBUG] [cpw.mods.modlauncher.LaunchPluginHandler/MODLAUNCHER]: Found launch plugins: [mixin,eventbus,object_holder_definalize,runtime_enum_extender,capability_token_subclass,accesstransformer,runtimedistcleaner]
[19Jan2022 12:39:10.614] [main/DEBUG] [cpw.mods.modlauncher.TransformationServicesHandler/MODLAUNCHER]: Discovering transformation services
[19Jan2022 12:39:10.619] [main/DEBUG] [cpw.mods.modlauncher.TransformationServicesHandler/MODLAUNCHER]: Found additional transformation services from discovery services: java.util.stream.ReferencePipeline$3@716a7124
[19Jan2022 12:39:10.630] [main/DEBUG] [cpw.mods.modlauncher.TransformationServicesHandler/MODLAUNCHER]: Found transformer services : [mixin,fml]
[19Jan2022 12:39:10.631] [main/DEBUG] [cpw.mods.modlauncher.TransformationServicesHandler/MODLAUNCHER]: Transformation services loading
[19Jan2022 12:39:10.631] [main/DEBUG] [cpw.mods.modlauncher.TransformationServiceDecorator/MODLAUNCHER]: Loading service mixin
[19Jan2022 12:39:10.632] [main/DEBUG] [cpw.mods.modlauncher.TransformationServiceDecorator/MODLAUNCHER]: Loaded service mixin
[19Jan2022 12:39:10.632] [main/DEBUG] [cpw.mods.modlauncher.TransformationServiceDecorator/MODLAUNCHER]: Loading service fml
[19Jan2022 12:39:10.635] [main/DEBUG] [net.minecraftforge.fml.loading.LauncherVersion/CORE]: Found FMLLauncher version 1.0
[19Jan2022 12:39:10.635] [main/DEBUG] [net.minecraftforge.fml.loading.FMLLoader/CORE]: FML 1.0 loading
[19Jan2022 12:39:10.635] [main/DEBUG] [net.minecraftforge.fml.loading.FMLLoader/CORE]: FML found ModLauncher version : 9.1.0+9.1.0+main.6690ee51
[19Jan2022 12:39:10.635] [main/DEBUG] [net.minecraftforge.fml.loading.FMLLoader/CORE]: FML found AccessTransformer version : 8.0.4+66+master.c09db6d7
[19Jan2022 12:39:10.636] [main/DEBUG] [net.minecraftforge.fml.loading.FMLLoader/CORE]: FML found EventBus version : 5.0.3+70+master.d7d405b
[19Jan2022 12:39:10.636] [main/DEBUG] [net.minecraftforge.fml.loading.FMLLoader/CORE]: Found Runtime Dist Cleaner
[19Jan2022 12:39:10.639] [main/DEBUG] [net.minecraftforge.fml.loading.FMLLoader/CORE]: FML found CoreMod version : 5.0.1+15+master.dc5a2922
[19Jan2022 12:39:10.639] [main/DEBUG] [net.minecraftforge.fml.loading.FMLLoader/CORE]: Found ForgeSPI package implementation version 4.0.10+24+master.876d7985
[19Jan2022 12:39:10.640] [main/DEBUG] [net.minecraftforge.fml.loading.FMLLoader/CORE]: Found ForgeSPI package specification 4
[19Jan2022 12:39:10.644] [main/DEBUG] [cpw.mods.modlauncher.TransformationServiceDecorator/MODLAUNCHER]: Loaded service fml
[19Jan2022 12:39:10.645] [main/DEBUG] [cpw.mods.modlauncher.TransformationServicesHandler/MODLAUNCHER]: Configuring option handling for services
[19Jan2022 12:39:10.652] [main/DEBUG] [cpw.mods.modlauncher.TransformationServicesHandler/MODLAUNCHER]: Transformation services initializing
[19Jan2022 12:39:10.653] [main/DEBUG] [cpw.mods.modlauncher.TransformationServiceDecorator/MODLAUNCHER]: Initializing transformation service mixin
[19Jan2022 12:39:10.677] [main/DEBUG] [mixin/]: MixinService [ModLauncher] was successfully booted in cpw.mods.cl.ModuleClassLoader@158da8e
[19Jan2022 12:39:10.699] [main/INFO] [mixin/]: SpongePowered MIXIN Subsystem Version=0.8.5 Source=union:/C:/Users/Collin/AppData/Roaming/.minecraft/libraries/org/spongepowered/mixin/0.8.5/mixin-0.8.5.jar%2319!/ Service=ModLauncher Env=CLIENT
[19Jan2022 12:39:10.704] [main/DEBUG] [mixin/]: Initialising Mixin Platform Manager
[19Jan2022 12:39:10.704] [main/DEBUG] [mixin/]: Adding mixin platform agents for container ModLauncher Root Container(ModLauncher:4f56a0a2)
[19Jan2022 12:39:10.705] [main/DEBUG] [mixin/]: Instancing new MixinPlatformAgentMinecraftForge for ModLauncher Root Container(ModLauncher:4f56a0a2)
[19Jan2022 12:39:10.706] [main/DEBUG] [mixin/]: MixinPlatformAgentMinecraftForge rejected container ModLauncher Root Container(ModLauncher:4f56a0a2)
[19Jan2022 12:39:10.707] [main/DEBUG] [mixin/]: Instancing new MixinPlatformAgentDefault for ModLauncher Root Container(ModLauncher:4f56a0a2)
[19Jan2022 12:39:10.707] [main/DEBUG] [mixin/]: MixinPlatformAgentDefault accepted container ModLauncher Root Container(ModLauncher:4f56a0a2)
[19Jan2022 12:39:10.712] [main/DEBUG] [cpw.mods.modlauncher.TransformationServiceDecorator/MODLAUNCHER]: Initialized transformation service mixin
[19Jan2022 12:39:10.712] [main/DEBUG] [cpw.mods.modlauncher.TransformationServiceDecorator/MODLAUNCHER]: Initializing transformation service fml
[19Jan2022 12:39:10.712] [main/DEBUG] [net.minecraftforge.fml.loading.FMLServiceProvider/CORE]: Setting up basic FML game directories
[19Jan2022 12:39:10.715] [main/DEBUG] [net.minecraftforge.fml.loading.FileUtils/CORE]: Found existing GAMEDIR directory : C:\Users\Collin\AppData\Roaming\.minecraft
[19Jan2022 12:39:10.716] [main/DEBUG] [net.minecraftforge.fml.loading.FMLPaths/CORE]: Path GAMEDIR is C:\Users\Collin\AppData\Roaming\.minecraft
[19Jan2022 12:39:10.717] [main/DEBUG] [net.minecraftforge.fml.loading.FileUtils/CORE]: Making MODSDIR directory : C:\Users\Collin\AppData\Roaming\.minecraft\mods
[19Jan2022 12:39:10.718] [main/DEBUG] [net.minecraftforge.fml.loading.FileUtils/CORE]: Created MODSDIR directory : C:\Users\Collin\AppData\Roaming\.minecraft\mods
[19Jan2022 12:39:10.718] [main/DEBUG] [net.minecraftforge.fml.loading.FMLPaths/CORE]: Path MODSDIR is C:\Users\Collin\AppData\Roaming\.minecraft\mods
[19Jan2022 12:39:10.719] [main/DEBUG] [net.minecraftforge.fml.loading.FileUtils/CORE]: Making CONFIGDIR directory : C:\Users\Collin\AppData\Roaming\.minecraft\config
[19Jan2022 12:39:10.719] [main/DEBUG] [net.minecraftforge.fml.loading.FileUtils/CORE]: Created CONFIGDIR directory : C:\Users\Collin\AppData\Roaming\.minecraft\config
[19Jan2022 12:39:10.719] [main/DEBUG] [net.minecraftforge.fml.loading.FMLPaths/CORE]: Path CONFIGDIR is C:\Users\Collin\AppData\Roaming\.minecraft\config
[19Jan2022 12:39:10.719] [main/DEBUG] [net.minecraftforge.fml.loading.FMLPaths/CORE]: Path FMLCONFIG is C:\Users\Collin\AppData\Roaming\.minecraft\config\fml.toml
[19Jan2022 12:39:10.719] [main/DEBUG] [net.minecraftforge.fml.loading.FMLServiceProvider/CORE]: Loading configuration
[19Jan2022 12:39:10.763] [main/WARN] [net.minecraftforge.fml.loading.FMLConfig/CORE]: Configuration file C:\Users\Collin\AppData\Roaming\.minecraft\config\fml.toml is not correct. Correcting
[19Jan2022 12:39:10.773] [main/WARN] [net.minecraftforge.fml.loading.FMLConfig/CORE]: Incorrect key [defaultConfigPath] was corrected from null to defaultconfigs
[19Jan2022 12:39:10.779] [main/DEBUG] [net.minecraftforge.fml.loading.FileUtils/CORE]: Making default config directory directory : C:\Users\Collin\AppData\Roaming\.minecraft\defaultconfigs
[19Jan2022 12:39:10.780] [main/DEBUG] [net.minecraftforge.fml.loading.FileUtils/CORE]: Created default config directory directory : C:\Users\Collin\AppData\Roaming\.minecraft\defaultconfigs
[19Jan2022 12:39:10.780] [main/DEBUG] [net.minecraftforge.fml.loading.FMLServiceProvider/CORE]: Preparing ModFile
[19Jan2022 12:39:10.786] [main/DEBUG] [net.minecraftforge.fml.loading.FMLServiceProvider/CORE]: Preparing launch handler
[19Jan2022 12:39:10.786] [main/DEBUG] [net.minecraftforge.fml.loading.FMLLoader/CORE]: Using forgeclient as launch service
[19Jan2022 12:39:10.810] [main/DEBUG] [net.minecraftforge.fml.loading.FMLLoader/CORE]: Received command line version data  : VersionInfo[forgeVersion=39.0.44, mcVersion=1.18.1, mcpVersion=20211210.034407, forgeGroup=net.minecraftforge]
[19Jan2022 12:39:10.814] [main/DEBUG] [cpw.mods.modlauncher.TransformationServiceDecorator/MODLAUNCHER]: Initialized transformation service fml
[19Jan2022 12:39:10.814] [main/DEBUG] [cpw.mods.modlauncher.NameMappingServiceHandler/MODLAUNCHER]: Current naming domain is 'srg'
[19Jan2022 12:39:10.815] [main/DEBUG] [cpw.mods.modlauncher.NameMappingServiceHandler/MODLAUNCHER]: Identified name mapping providers {}
[19Jan2022 12:39:10.815] [main/DEBUG] [cpw.mods.modlauncher.TransformationServicesHandler/MODLAUNCHER]: Transformation services begin scanning
[19Jan2022 12:39:10.816] [main/DEBUG] [cpw.mods.modlauncher.TransformationServiceDecorator/MODLAUNCHER]: Beginning scan trigger - transformation service mixin
[19Jan2022 12:39:10.816] [main/DEBUG] [cpw.mods.modlauncher.TransformationServiceDecorator/MODLAUNCHER]: End scan trigger - transformation service mixin
[19Jan2022 12:39:10.817] [main/DEBUG] [cpw.mods.modlauncher.TransformationServiceDecorator/MODLAUNCHER]: Beginning scan trigger - transformation service fml
[19Jan2022 12:39:10.817] [main/DEBUG] [net.minecraftforge.fml.loading.FMLServiceProvider/CORE]: Initiating mod scan
[19Jan2022 12:39:10.829] [main/DEBUG] [net.minecraftforge.fml.loading.moddiscovery.ModListHandler/CORE]: Found mod coordinates from lists: []
[19Jan2022 12:39:10.831] [main/DEBUG] [net.minecraftforge.fml.loading.moddiscovery.ModDiscoverer/CORE]: Found Mod Locators : (mods folder:null),(maven libs:null),(exploded directory:null),(minecraft:null),(userdev classpath:null)
[19Jan2022 12:39:11.140] [main/DEBUG] [net.minecraftforge.fml.loading.moddiscovery.ModFileInfo/LOADING]: Found valid mod file client-1.18.1-20211210.034407-srg.jar with {minecraft} mods - versions {1.18.1}
[19Jan2022 12:39:11.145] [main/DEBUG] [net.minecraftforge.fml.loading.moddiscovery.ModFile/LOADING]: Loading mod file C:\Users\Collin\AppData\Roaming\.minecraft\libraries\net\minecraft\client\1.18.1-20211210.034407\client-1.18.1-20211210.034407-srg.jar with languages [LanguageSpec[languageName=minecraft, acceptedVersions=1]]
[19Jan2022 12:39:11.147] [main/DEBUG] [net.minecraftforge.fml.loading.moddiscovery.ModFileParser/LOADING]: Considering mod file candidate C:\Users\Collin\AppData\Roaming\.minecraft\libraries\net\minecraftforge\forge\1.18.1-39.0.44\forge-1.18.1-39.0.44-universal.jar
[19Jan2022 12:39:11.153] [main/DEBUG] [net.minecraftforge.fml.loading.moddiscovery.ModFileInfo/LOADING]: Found valid mod file forge-1.18.1-39.0.44-universal.jar with {forge} mods - versions {39.0.44}
[19Jan2022 12:39:11.153] [main/DEBUG] [net.minecraftforge.fml.loading.moddiscovery.ModFile/LOADING]: Loading mod file C:\Users\Collin\AppData\Roaming\.minecraft\libraries\net\minecraftforge\forge\1.18.1-39.0.44\forge-1.18.1-39.0.44-universal.jar with languages [LanguageSpec[languageName=javafml, acceptedVersions=[24,]]]
[19Jan2022 12:39:11.207] [main/DEBUG] [net.minecraftforge.fml.loading.moddiscovery.ModFileParser/LOADING]: Found coremod field_to_method with Javascript path coremods/field_to_method.js
[19Jan2022 12:39:11.207] [main/DEBUG] [net.minecraftforge.fml.loading.moddiscovery.ModFileParser/LOADING]: Found coremod field_to_instanceof with Javascript path coremods/field_to_instanceof.js
[19Jan2022 12:39:11.207] [main/DEBUG] [net.minecraftforge.fml.loading.moddiscovery.ModFileParser/LOADING]: Found coremod add_bouncer_method with Javascript path coremods/add_bouncer_method.js
[19Jan2022 12:39:11.207] [main/DEBUG] [net.minecraftforge.fml.loading.moddiscovery.ModFile/LOADING]: Found coremod coremods/field_to_method.js
[19Jan2022 12:39:11.208] [main/DEBUG] [net.minecraftforge.fml.loading.moddiscovery.ModFile/LOADING]: Found coremod coremods/field_to_instanceof.js
[19Jan2022 12:39:11.208] [main/DEBUG] [net.minecraftforge.fml.loading.moddiscovery.ModFile/LOADING]: Found coremod coremods/add_bouncer_method.js
[19Jan2022 12:39:11.210] [main/DEBUG] [cpw.mods.modlauncher.TransformationServiceDecorator/MODLAUNCHER]: End scan trigger - transformation service fml
[19Jan2022 12:39:11.426] [main/DEBUG] [net.minecraftforge.fml.loading.LanguageLoadingProvider/CORE]: Found 2 language providers
[19Jan2022 12:39:11.427] [main/DEBUG] [net.minecraftforge.fml.loading.LanguageLoadingProvider/CORE]: Found language provider minecraft, version 1.0
[19Jan2022 12:39:11.429] [main/DEBUG] [net.minecraftforge.fml.loading.LanguageLoadingProvider/CORE]: Found language provider javafml, version 39
[19Jan2022 12:39:11.437] [main/DEBUG] [net.minecraftforge.fml.loading.ModSorter/LOADING]: Found 0 mod requirements (0 mandatory, 0 optional)
[19Jan2022 12:39:11.437] [main/DEBUG] [net.minecraftforge.fml.loading.ModSorter/LOADING]: Found 0 mod requirements missing (0 mandatory, 0 optional)
[19Jan2022 12:39:11.885] [main/DEBUG] [cpw.mods.modlauncher.TransformationServicesHandler/MODLAUNCHER]: Transformation services loading transformers
[19Jan2022 12:39:11.886] [main/DEBUG] [cpw.mods.modlauncher.TransformationServiceDecorator/MODLAUNCHER]: Initializing transformers for transformation service mixin
[19Jan2022 12:39:11.887] [main/DEBUG] [cpw.mods.modlauncher.TransformationServiceDecorator/MODLAUNCHER]: Initialized transformers for transformation service mixin
[19Jan2022 12:39:11.887] [main/DEBUG] [cpw.mods.modlauncher.TransformationServiceDecorator/MODLAUNCHER]: Initializing transformers for transformation service fml
[19Jan2022 12:39:11.888] [main/DEBUG] [net.minecraftforge.fml.loading.FMLServiceProvider/CORE]: Loading coremod transformers
[19Jan2022 12:39:11.888] [main/DEBUG] [net.minecraftforge.coremod.CoreModEngine/COREMOD]: Loading CoreMod from coremods/field_to_method.js
[19Jan2022 12:39:12.087] [main/DEBUG] [net.minecraftforge.coremod.CoreModEngine/COREMOD]: CoreMod loaded successfully
[19Jan2022 12:39:12.088] [main/DEBUG] [net.minecraftforge.coremod.CoreModEngine/COREMOD]: Loading CoreMod from coremods/field_to_instanceof.js
[19Jan2022 12:39:12.163] [main/DEBUG] [net.minecraftforge.coremod.CoreModEngine/COREMOD]: CoreMod loaded successfully
[19Jan2022 12:39:12.163] [main/DEBUG] [net.minecraftforge.coremod.CoreModEngine/COREMOD]: Loading CoreMod from coremods/add_bouncer_method.js
[19Jan2022 12:39:12.200] [main/DEBUG] [net.minecraftforge.coremod.CoreModEngine/COREMOD]: CoreMod loaded successfully
[19Jan2022 12:39:12.207] [main/DEBUG] [cpw.mods.modlauncher.TransformStore/MODLAUNCHER]: Adding transformer net.minecraftforge.coremod.transformer.CoreModClassTransformer@267dc982 to Target : CLASS {Lnet/minecraft/world/effect/MobEffectInstance;} {} {V}
[19Jan2022 12:39:12.209] [main/DEBUG] [cpw.mods.modlauncher.TransformStore/MODLAUNCHER]: Adding transformer net.minecraftforge.coremod.transformer.CoreModClassTransformer@3d7fb838 to Target : CLASS {Lnet/minecraft/world/level/block/LiquidBlock;} {} {V}
[19Jan2022 12:39:12.209] [main/DEBUG] [cpw.mods.modlauncher.TransformStore/MODLAUNCHER]: Adding transformer net.minecraftforge.coremod.transformer.CoreModClassTransformer@1c26273d to Target : CLASS {Lnet/minecraft/world/item/BucketItem;} {} {V}
[19Jan2022 12:39:12.209] [main/DEBUG] [cpw.mods.modlauncher.TransformStore/MODLAUNCHER]: Adding transformer net.minecraftforge.coremod.transformer.CoreModClassTransformer@3a37a501 to Target : CLASS {Lnet/minecraft/world/level/block/StairBlock;} {} {V}
[19Jan2022 12:39:12.209] [main/DEBUG] [cpw.mods.modlauncher.TransformStore/MODLAUNCHER]: Adding transformer net.minecraftforge.coremod.transformer.CoreModClassTransformer@7a583586 to Target : CLASS {Lnet/minecraft/world/level/block/FlowerPotBlock;} {} {V}
[19Jan2022 12:39:12.210] [main/DEBUG] [cpw.mods.modlauncher.TransformStore/MODLAUNCHER]: Adding transformer net.minecraftforge.coremod.transformer.CoreModClassTransformer@3a26ec8d to Target : CLASS {Lnet/minecraft/world/item/ItemStack;} {} {V}
[19Jan2022 12:39:12.210] [main/DEBUG] [cpw.mods.modlauncher.TransformStore/MODLAUNCHER]: Adding transformer net.minecraftforge.coremod.transformer.CoreModClassTransformer@17143b3b to Target : CLASS {Lnet/minecraft/network/play/client/CClientSettingsPacket;} {} {V}
[19Jan2022 12:39:12.210] [main/DEBUG] [cpw.mods.modlauncher.TransformationServiceDecorator/MODLAUNCHER]: Initialized transformers for transformation service fml
[19Jan2022 12:39:12.706] [main/DEBUG] [mixin/]: Processing prepare() for PlatformAgent[MixinPlatformAgentDefault:ModLauncher Root Container(ModLauncher:4f56a0a2)]
[19Jan2022 12:39:12.707] [main/DEBUG] [mixin/]: Processing launch tasks for PlatformAgent[MixinPlatformAgentDefault:ModLauncher Root Container(ModLauncher:4f56a0a2)]
[19Jan2022 12:39:12.707] [main/DEBUG] [mixin/]: Adding mixin platform agents for container SecureJarResource(minecraft)
[19Jan2022 12:39:12.707] [main/DEBUG] [mixin/]: Instancing new MixinPlatformAgentMinecraftForge for SecureJarResource(minecraft)
[19Jan2022 12:39:12.708] [main/DEBUG] [mixin/]: MixinPlatformAgentMinecraftForge rejected container SecureJarResource(minecraft)
[19Jan2022 12:39:12.708] [main/DEBUG] [mixin/]: Instancing new MixinPlatformAgentDefault for SecureJarResource(minecraft)
[19Jan2022 12:39:12.708] [main/DEBUG] [mixin/]: MixinPlatformAgentDefault accepted container SecureJarResource(minecraft)
[19Jan2022 12:39:12.708] [main/DEBUG] [mixin/]: Processing prepare() for PlatformAgent[MixinPlatformAgentDefault:SecureJarResource(minecraft)]
[19Jan2022 12:39:12.708] [main/DEBUG] [mixin/]: Adding mixin platform agents for container SecureJarResource(forge)
[19Jan2022 12:39:12.708] [main/DEBUG] [mixin/]: Instancing new MixinPlatformAgentMinecraftForge for SecureJarResource(forge)
[19Jan2022 12:39:12.708] [main/DEBUG] [mixin/]: MixinPlatformAgentMinecraftForge rejected container SecureJarResource(forge)
[19Jan2022 12:39:12.709] [main/DEBUG] [mixin/]: Instancing new MixinPlatformAgentDefault for SecureJarResource(forge)
[19Jan2022 12:39:12.709] [main/DEBUG] [mixin/]: MixinPlatformAgentDefault accepted container SecureJarResource(forge)
[19Jan2022 12:39:12.709] [main/DEBUG] [mixin/]: Processing prepare() for PlatformAgent[MixinPlatformAgentDefault:SecureJarResource(forge)]
[19Jan2022 12:39:12.709] [main/DEBUG] [mixin/]: inject() running with 3 agents
[19Jan2022 12:39:12.709] [main/DEBUG] [mixin/]: Processing inject() for PlatformAgent[MixinPlatformAgentDefault:ModLauncher Root Container(ModLauncher:4f56a0a2)]
[19Jan2022 12:39:12.709] [main/DEBUG] [mixin/]: Processing inject() for PlatformAgent[MixinPlatformAgentDefault:SecureJarResource(minecraft)]
[19Jan2022 12:39:12.709] [main/DEBUG] [mixin/]: Processing inject() for PlatformAgent[MixinPlatformAgentDefault:SecureJarResource(forge)]
[19Jan2022 12:39:12.710] [main/INFO] [cpw.mods.modlauncher.LaunchServiceHandler/MODLAUNCHER]: Launching target 'forgeclient' with arguments [--version, 1.18.1-forge-39.0.44, --gameDir, C:\Users\Collin\AppData\Roaming\.minecraft, --assetsDir, C:\Users\Collin\AppData\Roaming\.minecraft\assets, --uuid, RXtCMGWW-13AC-EYCO-qJor-yIP_ylCR5GE5, --username, Player 4, --assetIndex, 1.18, --accessToken, ????????, --clientId, ${clientid}, --xuid, ${auth_xuid}, --userType, mojang, --versionType, release]
[19Jan2022 12:39:12.817] [main/DEBUG] [mixin/]: Error cleaning class output directory: .mixin.out
[19Jan2022 12:39:12.826] [main/DEBUG] [mixin/]: Preparing mixins for MixinEnvironment[DEFAULT]
[19Jan2022 12:39:12.958] [main/DEBUG] [io.netty.util.internal.logging.InternalLoggerFactory/]: Using Log4J2 as the default logging framework
[19Jan2022 12:39:12.961] [main/DEBUG] [io.netty.util.ResourceLeakDetector/]: -Dio.netty.leakDetection.level: simple
[19Jan2022 12:39:12.962] [main/DEBUG] [io.netty.util.ResourceLeakDetector/]: -Dio.netty.leakDetection.targetRecords: 4
[19Jan2022 12:39:14.094] [pool-3-thread-1/DEBUG] [net.minecraftforge.coremod.transformer.CoreModBaseTransformer/COREMOD]: Transforming net/minecraft/world/level/block/LiquidBlock
[19Jan2022 12:39:14.141] [pool-3-thread-1/DEBUG] [net.minecraftforge.coremod.transformer.CoreModBaseTransformer/COREMOD]: Transforming net/minecraft/world/level/block/StairBlock
[19Jan2022 12:39:14.222] [pool-3-thread-1/DEBUG] [net.minecraftforge.coremod.transformer.CoreModBaseTransformer/COREMOD]: Transforming net/minecraft/world/level/block/FlowerPotBlock
[19Jan2022 12:39:15.085] [pool-3-thread-1/DEBUG] [net.minecraftforge.coremod.transformer.CoreModBaseTransformer/COREMOD]: Transforming net/minecraft/world/item/ItemStack
[19Jan2022 12:39:17.949] [pool-3-thread-1/DEBUG] [net.minecraftforge.coremod.transformer.CoreModBaseTransformer/COREMOD]: Transforming net/minecraft/world/item/BucketItem
[19Jan2022 12:39:18.119] [pool-3-thread-1/DEBUG] [net.minecraftforge.coremod.transformer.CoreModBaseTransformer/COREMOD]: Transforming net/minecraft/world/effect/MobEffectInstance
[19Jan2022 12:39:19.897] [Render thread/INFO] [com.mojang.authlib.yggdrasil.YggdrasilAuthenticationService/]: Environment: authHost='https://authserver.mojang.com', accountsHost='https://api.mojang.com', sessionHost='https://sessionserver.mojang.com', servicesHost='https://api.minecraftservices.com', name='PROD'
[19Jan2022 12:39:22.633] [Render thread/DEBUG] [net.minecraftforge.fml.ModWorkManager/LOADING]: Using 12 threads for parallel mod-loading
[19Jan2022 12:39:22.644] [Render thread/DEBUG] [net.minecraftforge.fml.javafmlmod.FMLJavaModLanguageProvider/LOADING]: Loading FMLModContainer from classloader cpw.mods.modlauncher.TransformingClassLoader@79a04e5f - got cpw.mods.cl.ModuleClassLoader@6f8d7714
[19Jan2022 12:39:22.645] [Render thread/DEBUG] [net.minecraftforge.fml.javafmlmod.FMLModContainer/LOADING]: Creating FMLModContainer instance for net.minecraftforge.common.ForgeMod
[19Jan2022 12:39:23.243] [modloading-worker-0/DEBUG] [io.netty.util.internal.PlatformDependent0/]: -Dio.netty.noUnsafe: false
[19Jan2022 12:39:23.244] [modloading-worker-0/DEBUG] [io.netty.util.internal.PlatformDependent0/]: Java version: 17
[19Jan2022 12:39:23.246] [modloading-worker-0/DEBUG] [io.netty.util.internal.PlatformDependent0/]: sun.misc.Unsafe.theUnsafe: available
[19Jan2022 12:39:23.247] [modloading-worker-0/DEBUG] [io.netty.util.internal.PlatformDependent0/]: sun.misc.Unsafe.copyMemory: available
[19Jan2022 12:39:23.248] [modloading-worker-0/DEBUG] [io.netty.util.internal.PlatformDependent0/]: java.nio.Buffer.address: available
[19Jan2022 12:39:23.249] [modloading-worker-0/DEBUG] [io.netty.util.internal.PlatformDependent0/]: direct buffer constructor: unavailable
java.lang.UnsupportedOperationException: Reflective setAccessible(true) disabled
	at io.netty.util.internal.ReflectionUtil.trySetAccessible(ReflectionUtil.java:31) ~[netty-all-4.1.68.Final.jar%2334!/:4.1.68.Final]
	at io.netty.util.internal.PlatformDependent0$4.run(PlatformDependent0.java:253) ~[netty-all-4.1.68.Final.jar%2334!/:4.1.68.Final]
	at java.security.AccessController.doPrivileged(AccessController.java:318) ~[?:?]
	at io.netty.util.internal.PlatformDependent0.<clinit>(PlatformDependent0.java:247) ~[netty-all-4.1.68.Final.jar%2334!/:4.1.68.Final]
	at io.netty.util.internal.PlatformDependent.isAndroid(PlatformDependent.java:294) ~[netty-all-4.1.68.Final.jar%2334!/:4.1.68.Final]
	at io.netty.util.internal.PlatformDependent.<clinit>(PlatformDependent.java:88) ~[netty-all-4.1.68.Final.jar%2334!/:4.1.68.Final]
	at io.netty.util.ConstantPool.<init>(ConstantPool.java:34) ~[netty-all-4.1.68.Final.jar%2334!/:4.1.68.Final]
	at io.netty.util.AttributeKey$1.<init>(AttributeKey.java:27) ~[netty-all-4.1.68.Final.jar%2334!/:4.1.68.Final]
	at io.netty.util.AttributeKey.<clinit>(AttributeKey.java:27) ~[netty-all-4.1.68.Final.jar%2334!/:4.1.68.Final]
	at net.minecraftforge.network.NetworkConstants.<clinit>(NetworkConstants.java:42) ~[forge-1.18.1-39.0.44-universal.jar%2371!/:?]
	at net.minecraftforge.common.ForgeMod.<init>(ForgeMod.java:143) ~[forge-1.18.1-39.0.44-universal.jar%2371!/:?]
	at jdk.internal.reflect.NativeConstructorAccessorImpl.newInstance0(Native Method) ~[?:?]
	at jdk.internal.reflect.NativeConstructorAccessorImpl.newInstance(NativeConstructorAccessorImpl.java:77) ~[?:?]
	at jdk.internal.reflect.DelegatingConstructorAccessorImpl.newInstance(DelegatingConstructorAccessorImpl.java:45) ~[?:?]
	at java.lang.reflect.Constructor.newInstanceWithCaller(Constructor.java:499) ~[?:?]
	at java.lang.reflect.Constructor.newInstance(Constructor.java:480) ~[?:?]
	at net.minecraftforge.fml.javafmlmod.FMLModContainer.constructMod(FMLModContainer.java:81) ~[javafmllanguage-1.18.1-39.0.44.jar%2369!/:?]
	at net.minecraftforge.fml.ModContainer.lambda$buildTransitionHandler$4(ModContainer.java:120) ~[fmlcore-1.18.1-39.0.44.jar%2368!/:?]
	at java.util.concurrent.CompletableFuture$AsyncRun.run(CompletableFuture.java:1804) [?:?]
	at java.util.concurrent.CompletableFuture$AsyncRun.exec(CompletableFuture.java:1796) [?:?]
	at java.util.concurrent.ForkJoinTask.doExec(ForkJoinTask.java:373) [?:?]
	at java.util.concurrent.ForkJoinPool$WorkQueue.topLevelExec(ForkJoinPool.java:1182) [?:?]
	at java.util.concurrent.ForkJoinPool.scan(ForkJoinPool.java:1655) [?:?]
	at java.util.concurrent.ForkJoinPool.runWorker(ForkJoinPool.java:1622) [?:?]
	at java.util.concurrent.ForkJoinWorkerThread.run(ForkJoinWorkerThread.java:165) [?:?]
[19Jan2022 12:39:23.252] [modloading-worker-0/DEBUG] [io.netty.util.internal.PlatformDependent0/]: java.nio.Bits.unaligned: available, true
[19Jan2022 12:39:23.283] [modloading-worker-0/DEBUG] [io.netty.util.internal.PlatformDependent0/]: jdk.internal.misc.Unsafe.allocateUninitializedArray(int): unavailable
java.lang.IllegalAccessException: class io.netty.util.internal.PlatformDependent0$6 (in module io.netty.all) cannot access class jdk.internal.misc.Unsafe (in module java.base) because module java.base does not export jdk.internal.misc to module io.netty.all
	at jdk.internal.reflect.Reflection.newIllegalAccessException(Reflection.java:392) ~[?:?]
	at java.lang.reflect.AccessibleObject.checkAccess(AccessibleObject.java:674) ~[?:?]
	at java.lang.reflect.Method.invoke(Method.java:560) ~[?:?]
	at io.netty.util.internal.PlatformDependent0$6.run(PlatformDependent0.java:375) ~[netty-all-4.1.68.Final.jar%2334!/:4.1.68.Final]
	at java.security.AccessController.doPrivileged(AccessController.java:318) ~[?:?]
	at io.netty.util.internal.PlatformDependent0.<clinit>(PlatformDependent0.java:366) ~[netty-all-4.1.68.Final.jar%2334!/:4.1.68.Final]
	at io.netty.util.internal.PlatformDependent.isAndroid(PlatformDependent.java:294) ~[netty-all-4.1.68.Final.jar%2334!/:4.1.68.Final]
	at io.netty.util.internal.PlatformDependent.<clinit>(PlatformDependent.java:88) ~[netty-all-4.1.68.Final.jar%2334!/:4.1.68.Final]
	at io.netty.util.ConstantPool.<init>(ConstantPool.java:34) ~[netty-all-4.1.68.Final.jar%2334!/:4.1.68.Final]
	at io.netty.util.AttributeKey$1.<init>(AttributeKey.java:27) ~[netty-all-4.1.68.Final.jar%2334!/:4.1.68.Final]
	at io.netty.util.AttributeKey.<clinit>(AttributeKey.java:27) ~[netty-all-4.1.68.Final.jar%2334!/:4.1.68.Final]
	at net.minecraftforge.network.NetworkConstants.<clinit>(NetworkConstants.java:42) ~[forge-1.18.1-39.0.44-universal.jar%2371!/:?]
	at net.minecraftforge.common.ForgeMod.<init>(ForgeMod.java:143) ~[forge-1.18.1-39.0.44-universal.jar%2371!/:?]
	at jdk.internal.reflect.NativeConstructorAccessorImpl.newInstance0(Native Method) ~[?:?]
	at jdk.internal.reflect.NativeConstructorAccessorImpl.newInstance(NativeConstructorAccessorImpl.java:77) ~[?:?]
	at jdk.internal.reflect.DelegatingConstructorAccessorImpl.newInstance(DelegatingConstructorAccessorImpl.java:45) ~[?:?]
	at java.lang.reflect.Constructor.newInstanceWithCaller(Constructor.java:499) ~[?:?]
	at java.lang.reflect.Constructor.newInstance(Constructor.java:480) ~[?:?]
	at net.minecraftforge.fml.javafmlmod.FMLModContainer.constructMod(FMLModContainer.java:81) ~[javafmllanguage-1.18.1-39.0.44.jar%2369!/:?]
	at net.minecraftforge.fml.ModContainer.lambda$buildTransitionHandler$4(ModContainer.java:120) ~[fmlcore-1.18.1-39.0.44.jar%2368!/:?]
	at java.util.concurrent.CompletableFuture$AsyncRun.run(CompletableFuture.java:1804) [?:?]
	at java.util.concurrent.CompletableFuture$AsyncRun.exec(CompletableFuture.java:1796) [?:?]
	at java.util.concurrent.ForkJoinTask.doExec(ForkJoinTask.java:373) [?:?]
	at java.util.concurrent.ForkJoinPool$WorkQueue.topLevelExec(ForkJoinPool.java:1182) [?:?]
	at java.util.concurrent.ForkJoinPool.scan(ForkJoinPool.java:1655) [?:?]
	at java.util.concurrent.ForkJoinPool.runWorker(ForkJoinPool.java:1622) [?:?]
	at java.util.concurrent.ForkJoinWorkerThread.run(ForkJoinWorkerThread.java:165) [?:?]
[19Jan2022 12:39:23.293] [modloading-worker-0/DEBUG] [io.netty.util.internal.PlatformDependent0/]: java.nio.DirectByteBuffer.<init>(long, int): unavailable
[19Jan2022 12:39:23.294] [modloading-worker-0/DEBUG] [io.netty.util.internal.PlatformDependent/]: sun.misc.Unsafe: available
[19Jan2022 12:39:23.295] [modloading-worker-0/DEBUG] [io.netty.util.internal.PlatformDependent/]: maxDirectMemory: 4269801472 bytes (maybe)
[19Jan2022 12:39:23.296] [modloading-worker-0/DEBUG] [io.netty.util.internal.PlatformDependent/]: -Dio.netty.tmpdir: C:\Users\Collin\AppData\Local\Temp (java.io.tmpdir)
[19Jan2022 12:39:23.296] [modloading-worker-0/DEBUG] [io.netty.util.internal.PlatformDependent/]: -Dio.netty.bitMode: 64 (sun.arch.data.model)
[19Jan2022 12:39:23.296] [modloading-worker-0/DEBUG] [io.netty.util.internal.PlatformDependent/]: Platform: Windows
[19Jan2022 12:39:23.298] [modloading-worker-0/DEBUG] [io.netty.util.internal.PlatformDependent/]: -Dio.netty.maxDirectMemory: -1 bytes
[19Jan2022 12:39:23.299] [modloading-worker-0/DEBUG] [io.netty.util.internal.PlatformDependent/]: -Dio.netty.uninitializedArrayAllocationThreshold: -1
[19Jan2022 12:39:23.301] [modloading-worker-0/DEBUG] [io.netty.util.internal.CleanerJava9/]: java.nio.ByteBuffer.cleaner(): available
[19Jan2022 12:39:23.301] [modloading-worker-0/DEBUG] [io.netty.util.internal.PlatformDependent/]: -Dio.netty.noPreferDirect: false
[19Jan2022 12:39:23.412] [modloading-worker-0/DEBUG] [net.minecraftforge.fml.config.ConfigTracker/CONFIG]: Config file forge-client.toml for forge tracking
[19Jan2022 12:39:23.412] [modloading-worker-0/DEBUG] [net.minecraftforge.fml.config.ConfigTracker/CONFIG]: Config file forge-server.toml for forge tracking
[19Jan2022 12:39:23.413] [modloading-worker-0/DEBUG] [net.minecraftforge.fml.config.ConfigTracker/CONFIG]: Config file forge-common.toml for forge tracking
[19Jan2022 12:39:23.497] [modloading-worker-0/DEBUG] [net.minecraftforge.fml.javafmlmod.AutomaticEventSubscriber/LOADING]: Attempting to inject @EventBusSubscriber classes into the eventbus for forge
[19Jan2022 12:39:23.523] [modloading-worker-0/DEBUG] [net.minecraftforge.fml.javafmlmod.AutomaticEventSubscriber/LOADING]: Auto-subscribing net.minecraftforge.common.ForgeSpawnEggItem$CommonHandler to MOD
[19Jan2022 12:39:23.527] [modloading-worker-0/DEBUG] [net.minecraftforge.fml.javafmlmod.AutomaticEventSubscriber/LOADING]: Auto-subscribing net.minecraftforge.common.ForgeSpawnEggItem$ColorRegisterHandler to MOD
[19Jan2022 12:39:23.534] [modloading-worker-0/DEBUG] [net.minecraftforge.fml.javafmlmod.AutomaticEventSubscriber/LOADING]: Auto-subscribing net.minecraftforge.client.model.ModelDataManager to FORGE
[19Jan2022 12:39:23.545] [modloading-worker-0/DEBUG] [net.minecraftforge.fml.javafmlmod.AutomaticEventSubscriber/LOADING]: Auto-subscribing net.minecraftforge.client.ForgeHooksClient$ClientEvents to MOD
[19Jan2022 12:39:25.216] [Render thread/DEBUG] [io.netty.util.internal.InternalThreadLocalMap/]: -Dio.netty.threadLocalMap.stringBuilder.initialSize: 1024
[19Jan2022 12:39:25.216] [Render thread/DEBUG] [io.netty.util.internal.InternalThreadLocalMap/]: -Dio.netty.threadLocalMap.stringBuilder.maxSize: 4096
[19Jan2022 12:39:25.217] [Render thread/DEBUG] [io.netty.util.internal.ThreadLocalRandom/]: -Dio.netty.initialSeedUniquifier: 0xc5eeea696727243a
[19Jan2022 12:39:25.564] [Render thread/WARN] [com.mojang.text2speech.NarratorWindows/]: ERROR : Couldn't load Narrator library : Unable to load library 'SAPIWrapper_x64':
The specified module could not be found.

The specified module could not be found.

The specified module could not be found.

Native library (win32-x86-64/SAPIWrapper_x64.dll) not found in resource path (C:\Users\Collin\AppData\Roaming\.minecraft\libraries\cpw\mods\securejarhandler\1.0.1\securejarhandler-1.0.1.jar;C:\Users\Collin\AppData\Roaming\.minecraft\libraries\org\ow2\asm\asm\9.2\asm-9.2.jar;C:\Users\Collin\AppData\Roaming\.minecraft\libraries\org\ow2\asm\asm-commons\9.2\asm-commons-9.2.jar;C:\Users\Collin\AppData\Roaming\.minecraft\libraries\org\ow2\asm\asm-tree\9.2\asm-tree-9.2.jar;C:\Users\Collin\AppData\Roaming\.minecraft\libraries\org\ow2\asm\asm-util\9.2\asm-util-9.2.jar;C:\Users\Collin\AppData\Roaming\.minecraft\libraries\org\ow2\asm\asm-analysis\9.2\asm-analysis-9.2.jar;C:\Users\Collin\AppData\Roaming\.minecraft\libraries\net\minecraftforge\accesstransformers\8.0.4\accesstransformers-8.0.4.jar;C:\Users\Collin\AppData\Roaming\.minecraft\libraries\org\antlr\antlr4-runtime\4.9.1\antlr4-runtime-4.9.1.jar;C:\Users\Collin\AppData\Roaming\.minecraft\libraries\net\minecraftforge\eventbus\5.0.3\eventbus-5.0.3.jar;C:\Users\Collin\AppData\Roaming\.minecraft\libraries\net\minecraftforge\forgespi\4.0.10\forgespi-4.0.10.jar;C:\Users\Collin\AppData\Roaming\.minecraft\libraries\net\minecraftforge\coremods\5.0.1\coremods-5.0.1.jar;C:\Users\Collin\AppData\Roaming\.minecraft\libraries\cpw\mods\modlauncher\9.1.0\modlauncher-9.1.0.jar;C:\Users\Collin\AppData\Roaming\.minecraft\libraries\net\minecraftforge\unsafe\0.2.0\unsafe-0.2.0.jar;C:\Users\Collin\AppData\Roaming\.minecraft\libraries\com\electronwill\night-config\core\3.6.4\core-3.6.4.jar;C:\Users\Collin\AppData\Roaming\.minecraft\libraries\com\electronwill\night-config\toml\3.6.4\toml-3.6.4.jar;C:\Users\Collin\AppData\Roaming\.minecraft\libraries\org\apache\maven\maven-artifact\3.6.3\maven-artifact-3.6.3.jar;C:\Users\Collin\AppData\Roaming\.minecraft\libraries\org\apache\commons\commons-lang3\3.12.0\commons-lang3-3.12.0.jar;C:\Users\Collin\AppData\Roaming\.minecraft\libraries\net\jodah\typetools\0.8.3\typetools-0.8.3.jar;C:\Users\Collin\AppData\Roaming\.minecraft\libraries\org\apache\logging\log4j\log4j-api\2.15.0\log4j-api-2.15.0.jar;C:\Users\Collin\AppData\Roaming\.minecraft\libraries\org\apache\logging\log4j\log4j-core\2.15.0\log4j-core-2.15.0.jar;C:\Users\Collin\AppData\Roaming\.minecraft\libraries\org\apache\logging\log4j\log4j-slf4j18-impl\2.15.0\log4j-slf4j18-impl-2.15.0.jar;C:\Users\Collin\AppData\Roaming\.minecraft\libraries\net\minecrell\terminalconsoleappender\1.2.0\terminalconsoleappender-1.2.0.jar;C:\Users\Collin\AppData\Roaming\.minecraft\libraries\org\jline\jline-reader\3.12.1\jline-reader-3.12.1.jar;C:\Users\Collin\AppData\Roaming\.minecraft\libraries\org\jline\jline-terminal\3.12.1\jline-terminal-3.12.1.jar;C:\Users\Collin\AppData\Roaming\.minecraft\libraries\net\sf\jopt-simple\jopt-simple\5.0.4\jopt-simple-5.0.4.jar;C:\Users\Collin\AppData\Roaming\.minecraft\libraries\org\spongepowered\mixin\0.8.5\mixin-0.8.5.jar;C:\Users\Collin\AppData\Roaming\.minecraft\libraries\org\openjdk\nashorn\nashorn-core\15.3\nashorn-core-15.3.jar;C:\Users\Collin\AppData\Roaming\.minecraft\libraries\com\google\guava\guava\31.0.1-jre\guava-31.0.1-jre.jar;C:\Users\Collin\AppData\Roaming\.minecraft\libraries\com\google\code\gson\gson\2.8.8\gson-2.8.8.jar;C:\Users\Collin\AppData\Roaming\.minecraft\libraries\cpw\mods\bootstraplauncher\1.0.0\bootstraplauncher-1.0.0.jar;C:\Users\Collin\AppData\Roaming\.minecraft\libraries\net\minecraftforge\fmlloader\1.18.1-39.0.44\fmlloader-1.18.1-39.0.44.jar;C:\Users\Collin\AppData\Roaming\.minecraft\libraries\com\mojang\blocklist\1.0.6\blocklist-1.0.6.jar;C:\Users\Collin\AppData\Roaming\.minecraft\libraries\com\mojang\patchy\2.1.6\patchy-2.1.6.jar;C:\Users\Collin\AppData\Roaming\.minecraft\libraries\com\github\oshi\oshi-core\5.8.2\oshi-core-5.8.2.jar;C:\Users\Collin\AppData\Roaming\.minecraft\libraries\net\java\dev\jna\jna\5.9.0\jna-5.9.0.jar;C:\Users\Collin\AppData\Roaming\.minecraft\libraries\net\java\dev\jna\jna-platform\5.9.0\jna-platform-5.9.0.jar;C:\Users\Collin\AppData\Roaming\.minecraft\libraries\org\slf4j\slf4j-api\1.8.0-beta4\slf4j-api-1.8.0-beta4.jar;C:\Users\Collin\AppData\Roaming\.minecraft\libraries\org\apache\logging\log4j\log4j-slf4j18-impl\2.14.1\log4j-slf4j18-impl-2.14.1.jar;C:\Users\Collin\AppData\Roaming\.minecraft\libraries\com\ibm\icu\icu4j\69.1\icu4j-69.1.jar;C:\Users\Collin\AppData\Roaming\.minecraft\libraries\com\mojang\javabridge\1.2.24\javabridge-1.2.24.jar;C:\Users\Collin\AppData\Roaming\.minecraft\libraries\net\sf\jopt-simple\jopt-simple\5.0.4\jopt-simple-5.0.4.jar;C:\Users\Collin\AppData\Roaming\.minecraft\libraries\io\netty\netty-all\4.1.68.Final\netty-all-4.1.68.Final.jar;C:\Users\Collin\AppData\Roaming\.minecraft\libraries\com\google\guava\failureaccess\1.0.1\failureaccess-1.0.1.jar;C:\Users\Collin\AppData\Roaming\.minecraft\libraries\com\google\guava\guava\31.0.1-jre\guava-31.0.1-jre.jar;C:\Users\Collin\AppData\Roaming\.minecraft\libraries\org\apache\commons\commons-lang3\3.12.0\commons-lang3-3.12.0.jar;C:\Users\Collin\AppData\Roaming\.minecraft\libraries\commons-io\commons-io\2.11.0\commons-io-2.11.0.jar;C:\Users\Collin\AppData\Roaming\.minecraft\libraries\commons-codec\commons-codec\1.15\commons-codec-1.15.jar;C:\Users\Collin\AppData\Roaming\.minecraft\libraries\com\mojang\brigadier\1.0.18\brigadier-1.0.18.jar;C:\Users\Collin\AppData\Roaming\.minecraft\libraries\com\mojang\datafixerupper\4.0.26\datafixerupper-4.0.26.jar;C:\Users\Collin\AppData\Roaming\.minecraft\libraries\com\google\code\gson\gson\2.8.8\gson-2.8.8.jar;C:\Users\Collin\AppData\Roaming\.minecraft\libraries\com\mojang\authlib\3.2.38\authlib-3.2.38.jar;C:\Users\Collin\AppData\Roaming\.minecraft\libraries\org\apache\commons\commons-compress\1.21\commons-compress-1.21.jar;C:\Users\Collin\AppData\Roaming\.minecraft\libraries\org\apache\httpcomponents\httpclient\4.5.13\httpclient-4.5.13.jar;C:\Users\Collin\AppData\Roaming\.minecraft\libraries\commons-logging\commons-logging\1.2\commons-logging-1.2.jar;C:\Users\Collin\AppData\Roaming\.minecraft\libraries\org\apache\httpcomponents\httpcore\4.4.14\httpcore-4.4.14.jar;C:\Users\Collin\AppData\Roaming\.minecraft\libraries\it\unimi\dsi\fastutil\8.5.6\fastutil-8.5.6.jar;C:\Users\Collin\AppData\Roaming\.minecraft\libraries\org\apache\logging\log4j\log4j-api\2.14.1\log4j-api-2.14.1.jar;C:\Users\Collin\AppData\Roaming\.minecraft\libraries\org\apache\logging\log4j\log4j-core\2.14.1\log4j-core-2.14.1.jar;C:\Users\Collin\AppData\Roaming\.minecraft\libraries\org\lwjgl\lwjgl\3.2.2\lwjgl-3.2.2.jar;C:\Users\Collin\AppData\Roaming\.minecraft\libraries\org\lwjgl\lwjgl-jemalloc\3.2.2\lwjgl-jemalloc-3.2.2.jar;C:\Users\Collin\AppData\Roaming\.minecraft\libraries\org\lwjgl\lwjgl-openal\3.2.2\lwjgl-openal-3.2.2.jar;C:\Users\Collin\AppData\Roaming\.minecraft\libraries\org\lwjgl\lwjgl-opengl\3.2.2\lwjgl-opengl-3.2.2.jar;C:\Users\Collin\AppData\Roaming\.minecraft\libraries\org\lwjgl\lwjgl-glfw\3.2.2\lwjgl-glfw-3.2.2.jar;C:\Users\Collin\AppData\Roaming\.minecraft\libraries\org\lwjgl\lwjgl-stb\3.2.2\lwjgl-stb-3.2.2.jar;C:\Users\Collin\AppData\Roaming\.minecraft\libraries\org\lwjgl\lwjgl-tinyfd\3.2.2\lwjgl-tinyfd-3.2.2.jar;C:\Users\Collin\AppData\Roaming\.minecraft\libraries\org\lwjgl\lwjgl\3.2.2\lwjgl-3.2.2-natives-windows.jar;C:\Users\Collin\AppData\Roaming\.minecraft\libraries\org\lwjgl\lwjgl-jemalloc\3.2.2\lwjgl-jemalloc-3.2.2-natives-windows.jar;C:\Users\Collin\AppData\Roaming\.minecraft\libraries\org\lwjgl\lwjgl-openal\3.2.2\lwjgl-openal-3.2.2-natives-windows.jar;C:\Users\Collin\AppData\Roaming\.minecraft\libraries\org\lwjgl\lwjgl-opengl\3.2.2\lwjgl-opengl-3.2.2-natives-windows.jar;C:\Users\Collin\AppData\Roaming\.minecraft\libraries\org\lwjgl\lwjgl-glfw\3.2.2\lwjgl-glfw-3.2.2-natives-windows.jar;C:\Users\Collin\AppData\Roaming\.minecraft\libraries\org\lwjgl\lwjgl-tinyfd\3.2.2\lwjgl-tinyfd-3.2.2-natives-windows.jar;C:\Users\Collin\AppData\Roaming\.minecraft\libraries\org\lwjgl\lwjgl-stb\3.2.2\lwjgl-stb-3.2.2-natives-windows.jar;C:\Users\Collin\AppData\Roaming\.minecraft\libraries\com\mojang\text2speech\1.11.3\text2speech-1.11.3.jar;C:\Users\Collin\AppData\Roaming\.minecraft\libraries\com\mojang\text2speech\1.11.3\text2speech-1.11.3-natives-windows.jar;C:\Users\Collin\AppData\Roaming\.minecraft\versions\1.18.1-forge-39.0.44\1.18.1-forge-39.0.44.jar)
ERROR : Couldn't load Narrator library : Unable to load library 'SAPIWrapper_x86':
The specified module could not be found.

The specified module could not be found.

The specified module could not be found.

Native library (win32-x86-64/SAPIWrapper_x86.dll) not found in resource path (C:\Users\Collin\AppData\Roaming\.minecraft\libraries\cpw\mods\securejarhandler\1.0.1\securejarhandler-1.0.1.jar;C:\Users\Collin\AppData\Roaming\.minecraft\libraries\org\ow2\asm\asm\9.2\asm-9.2.jar;C:\Users\Collin\AppData\Roaming\.minecraft\libraries\org\ow2\asm\asm-commons\9.2\asm-commons-9.2.jar;C:\Users\Collin\AppData\Roaming\.minecraft\libraries\org\ow2\asm\asm-tree\9.2\asm-tree-9.2.jar;C:\Users\Collin\AppData\Roaming\.minecraft\libraries\org\ow2\asm\asm-util\9.2\asm-util-9.2.jar;C:\Users\Collin\AppData\Roaming\.minecraft\libraries\org\ow2\asm\asm-analysis\9.2\asm-analysis-9.2.jar;C:\Users\Collin\AppData\Roaming\.minecraft\libraries\net\minecraftforge\accesstransformers\8.0.4\accesstransformers-8.0.4.jar;C:\Users\Collin\AppData\Roaming\.minecraft\libraries\org\antlr\antlr4-runtime\4.9.1\antlr4-runtime-4.9.1.jar;C:\Users\Collin\AppData\Roaming\.minecraft\libraries\net\minecraftforge\eventbus\5.0.3\eventbus-5.0.3.jar;C:\Users\Collin\AppData\Roaming\.minecraft\libraries\net\minecraftforge\forgespi\4.0.10\forgespi-4.0.10.jar;C:\Users\Collin\AppData\Roaming\.minecraft\libraries\net\minecraftforge\coremods\5.0.1\coremods-5.0.1.jar;C:\Users\Collin\AppData\Roaming\.minecraft\libraries\cpw\mods\modlauncher\9.1.0\modlauncher-9.1.0.jar;C:\Users\Collin\AppData\Roaming\.minecraft\libraries\net\minecraftforge\unsafe\0.2.0\unsafe-0.2.0.jar;C:\Users\Collin\AppData\Roaming\.minecraft\libraries\com\electronwill\night-config\core\3.6.4\core-3.6.4.jar;C:\Users\Collin\AppData\Roaming\.minecraft\libraries\com\electronwill\night-config\toml\3.6.4\toml-3.6.4.jar;C:\Users\Collin\AppData\Roaming\.minecraft\libraries\org\apache\maven\maven-artifact\3.6.3\maven-artifact-3.6.3.jar;C:\Users\Collin\AppData\Roaming\.minecraft\libraries\org\apache\commons\commons-lang3\3.12.0\commons-lang3-3.12.0.jar;C:\Users\Collin\AppData\Roaming\.minecraft\libraries\net\jodah\typetools\0.8.3\typetools-0.8.3.jar;C:\Users\Collin\AppData\Roaming\.minecraft\libraries\org\apache\logging\log4j\log4j-api\2.15.0\log4j-api-2.15.0.jar;C:\Users\Collin\AppData\Roaming\.minecraft\libraries\org\apache\logging\log4j\log4j-core\2.15.0\log4j-core-2.15.0.jar;C:\Users\Collin\AppData\Roaming\.minecraft\libraries\org\apache\logging\log4j\log4j-slf4j18-impl\2.15.0\log4j-slf4j18-impl-2.15.0.jar;C:\Users\Collin\AppData\Roaming\.minecraft\libraries\net\minecrell\terminalconsoleappender\1.2.0\terminalconsoleappender-1.2.0.jar;C:\Users\Collin\AppData\Roaming\.minecraft\libraries\org\jline\jline-reader\3.12.1\jline-reader-3.12.1.jar;C:\Users\Collin\AppData\Roaming\.minecraft\libraries\org\jline\jline-terminal\3.12.1\jline-terminal-3.12.1.jar;C:\Users\Collin\AppData\Roaming\.minecraft\libraries\net\sf\jopt-simple\jopt-simple\5.0.4\jopt-simple-5.0.4.jar;C:\Users\Collin\AppData\Roaming\.minecraft\libraries\org\spongepowered\mixin\0.8.5\mixin-0.8.5.jar;C:\Users\Collin\AppData\Roaming\.minecraft\libraries\org\openjdk\nashorn\nashorn-core\15.3\nashorn-core-15.3.jar;C:\Users\Collin\AppData\Roaming\.minecraft\libraries\com\google\guava\guava\31.0.1-jre\guava-31.0.1-jre.jar;C:\Users\Collin\AppData\Roaming\.minecraft\libraries\com\google\code\gson\gson\2.8.8\gson-2.8.8.jar;C:\Users\Collin\AppData\Roaming\.minecraft\libraries\cpw\mods\bootstraplauncher\1.0.0\bootstraplauncher-1.0.0.jar;C:\Users\Collin\AppData\Roaming\.minecraft\libraries\net\minecraftforge\fmlloader\1.18.1-39.0.44\fmlloader-1.18.1-39.0.44.jar;C:\Users\Collin\AppData\Roaming\.minecraft\libraries\com\mojang\blocklist\1.0.6\blocklist-1.0.6.jar;C:\Users\Collin\AppData\Roaming\.minecraft\libraries\com\mojang\patchy\2.1.6\patchy-2.1.6.jar;C:\Users\Collin\AppData\Roaming\.minecraft\libraries\com\github\oshi\oshi-core\5.8.2\oshi-core-5.8.2.jar;C:\Users\Collin\AppData\Roaming\.minecraft\libraries\net\java\dev\jna\jna\5.9.0\jna-5.9.0.jar;C:\Users\Collin\AppData\Roaming\.minecraft\libraries\net\java\dev\jna\jna-platform\5.9.0\jna-platform-5.9.0.jar;C:\Users\Collin\AppData\Roaming\.minecraft\libraries\org\slf4j\slf4j-api\1.8.0-beta4\slf4j-api-1.8.0-beta4.jar;C:\Users\Collin\AppData\Roaming\.minecraft\libraries\org\apache\logging\log4j\log4j-slf4j18-impl\2.14.1\log4j-slf4j18-impl-2.14.1.jar;C:\Users\Collin\AppData\Roaming\.minecraft\libraries\com\ibm\icu\icu4j\69.1\icu4j-69.1.jar;C:\Users\Collin\AppData\Roaming\.minecraft\libraries\com\mojang\javabridge\1.2.24\javabridge-1.2.24.jar;C:\Users\Collin\AppData\Roaming\.minecraft\libraries\net\sf\jopt-simple\jopt-simple\5.0.4\jopt-simple-5.0.4.jar;C:\Users\Collin\AppData\Roaming\.minecraft\libraries\io\netty\netty-all\4.1.68.Final\netty-all-4.1.68.Final.jar;C:\Users\Collin\AppData\Roaming\.minecraft\libraries\com\google\guava\failureaccess\1.0.1\failureaccess-1.0.1.jar;C:\Users\Collin\AppData\Roaming\.minecraft\libraries\com\google\guava\guava\31.0.1-jre\guava-31.0.1-jre.jar;C:\Users\Collin\AppData\Roaming\.minecraft\libraries\org\apache\commons\commons-lang3\3.12.0\commons-lang3-3.12.0.jar;C:\Users\Collin\AppData\Roaming\.minecraft\libraries\commons-io\commons-io\2.11.0\commons-io-2.11.0.jar;C:\Users\Collin\AppData\Roaming\.minecraft\libraries\commons-codec\commons-codec\1.15\commons-codec-1.15.jar;C:\Users\Collin\AppData\Roaming\.minecraft\libraries\com\mojang\brigadier\1.0.18\brigadier-1.0.18.jar;C:\Users\Collin\AppData\Roaming\.minecraft\libraries\com\mojang\datafixerupper\4.0.26\datafixerupper-4.0.26.jar;C:\Users\Collin\AppData\Roaming\.minecraft\libraries\com\google\code\gson\gson\2.8.8\gson-2.8.8.jar;C:\Users\Collin\AppData\Roaming\.minecraft\libraries\com\mojang\authlib\3.2.38\authlib-3.2.38.jar;C:\Users\Collin\AppData\Roaming\.minecraft\libraries\org\apache\commons\commons-compress\1.21\commons-compress-1.21.jar;C:\Users\Collin\AppData\Roaming\.minecraft\libraries\org\apache\httpcomponents\httpclient\4.5.13\httpclient-4.5.13.jar;C:\Users\Collin\AppData\Roaming\.minecraft\libraries\commons-logging\commons-logging\1.2\commons-logging-1.2.jar;C:\Users\Collin\AppData\Roaming\.minecraft\libraries\org\apache\httpcomponents\httpcore\4.4.14\httpcore-4.4.14.jar;C:\Users\Collin\AppData\Roaming\.minecraft\libraries\it\unimi\dsi\fastutil\8.5.6\fastutil-8.5.6.jar;C:\Users\Collin\AppData\Roaming\.minecraft\libraries\org\apache\logging\log4j\log4j-api\2.14.1\log4j-api-2.14.1.jar;C:\Users\Collin\AppData\Roaming\.minecraft\libraries\org\apache\logging\log4j\log4j-core\2.14.1\log4j-core-2.14.1.jar;C:\Users\Collin\AppData\Roaming\.minecraft\libraries\org\lwjgl\lwjgl\3.2.2\lwjgl-3.2.2.jar;C:\Users\Collin\AppData\Roaming\.minecraft\libraries\org\lwjgl\lwjgl-jemalloc\3.2.2\lwjgl-jemalloc-3.2.2.jar;C:\Users\Collin\AppData\Roaming\.minecraft\libraries\org\lwjgl\lwjgl-openal\3.2.2\lwjgl-openal-3.2.2.jar;C:\Users\Collin\AppData\Roaming\.minecraft\libraries\org\lwjgl\lwjgl-opengl\3.2.2\lwjgl-opengl-3.2.2.jar;C:\Users\Collin\AppData\Roaming\.minecraft\libraries\org\lwjgl\lwjgl-glfw\3.2.2\lwjgl-glfw-3.2.2.jar;C:\Users\Collin\AppData\Roaming\.minecraft\libraries\org\lwjgl\lwjgl-stb\3.2.2\lwjgl-stb-3.2.2.jar;C:\Users\Collin\AppData\Roaming\.minecraft\libraries\org\lwjgl\lwjgl-tinyfd\3.2.2\lwjgl-tinyfd-3.2.2.jar;C:\Users\Collin\AppData\Roaming\.minecraft\libraries\org\lwjgl\lwjgl\3.2.2\lwjgl-3.2.2-natives-windows.jar;C:\Users\Collin\AppData\Roaming\.minecraft\libraries\org\lwjgl\lwjgl-jemalloc\3.2.2\lwjgl-jemalloc-3.2.2-natives-windows.jar;C:\Users\Collin\AppData\Roaming\.minecraft\libraries\org\lwjgl\lwjgl-openal\3.2.2\lwjgl-openal-3.2.2-natives-windows.jar;C:\Users\Collin\AppData\Roaming\.minecraft\libraries\org\lwjgl\lwjgl-opengl\3.2.2\lwjgl-opengl-3.2.2-natives-windows.jar;C:\Users\Collin\AppData\Roaming\.minecraft\libraries\org\lwjgl\lwjgl-glfw\3.2.2\lwjgl-glfw-3.2.2-natives-windows.jar;C:\Users\Collin\AppData\Roaming\.minecraft\libraries\org\lwjgl\lwjgl-tinyfd\3.2.2\lwjgl-tinyfd-3.2.2-natives-windows.jar;C:\Users\Collin\AppData\Roaming\.minecraft\libraries\org\lwjgl\lwjgl-stb\3.2.2\lwjgl-stb-3.2.2-natives-windows.jar;C:\Users\Collin\AppData\Roaming\.minecraft\libraries\com\mojang\text2speech\1.11.3\text2speech-1.11.3.jar;C:\Users\Collin\AppData\Roaming\.minecraft\libraries\com\mojang\text2speech\1.11.3\text2speech-1.11.3-natives-windows.jar;C:\Users\Collin\AppData\Roaming\.minecraft\versions\1.18.1-forge-39.0.44\1.18.1-forge-39.0.44.jar)

[19Jan2022 12:39:26.162] [modloading-worker-0/DEBUG] [net.minecraftforge.fml.config.ConfigTracker/CONFIG]: Loading configs type CLIENT
[19Jan2022 12:39:26.164] [modloading-worker-0/DEBUG] [net.minecraftforge.fml.config.ConfigFileTypeHandler/CONFIG]: Built TOML config for C:\Users\Collin\AppData\Roaming\.minecraft\config\forge-client.toml
[19Jan2022 12:39:26.169] [modloading-worker-0/DEBUG] [net.minecraftforge.fml.config.ConfigFileTypeHandler/CONFIG]: Loaded TOML config file C:\Users\Collin\AppData\Roaming\.minecraft\config\forge-client.toml
[19Jan2022 12:39:26.170] [modloading-worker-0/DEBUG] [net.minecraftforge.fml.config.ConfigFileTypeHandler/CONFIG]: Watching TOML config file C:\Users\Collin\AppData\Roaming\.minecraft\config\forge-client.toml for changes
[19Jan2022 12:39:26.215] [modloading-worker-0/DEBUG] [net.minecraftforge.fml.config.ConfigTracker/CONFIG]: Loading configs type COMMON
[19Jan2022 12:39:26.216] [modloading-worker-0/DEBUG] [net.minecraftforge.fml.config.ConfigFileTypeHandler/CONFIG]: Built TOML config for C:\Users\Collin\AppData\Roaming\.minecraft\config\forge-common.toml
[19Jan2022 12:39:26.217] [modloading-worker-0/DEBUG] [net.minecraftforge.fml.config.ConfigFileTypeHandler/CONFIG]: Loaded TOML config file C:\Users\Collin\AppData\Roaming\.minecraft\config\forge-common.toml
[19Jan2022 12:39:26.217] [modloading-worker-0/DEBUG] [net.minecraftforge.fml.config.ConfigFileTypeHandler/CONFIG]: Watching TOML config file C:\Users\Collin\AppData\Roaming\.minecraft\config\forge-common.toml for changes
[19Jan2022 12:39:26.884] [Forge Version Check/INFO] [net.minecraftforge.fml.VersionChecker/]: [forge] Starting version check at https://files.minecraftforge.net/net/minecraftforge/forge/promotions_slim.json
[19Jan2022 12:39:28.045] [Forge Version Check/DEBUG] [net.minecraftforge.fml.VersionChecker/]: [forge] Received version check data:
{
  "homepage": "https://files.minecraftforge.net/net/minecraftforge/forge/",
  "promos": {
    "1.1-latest": "1.3.4.29",
    "1.2.3-latest": "1.4.1.64",
    "1.2.4-latest": "2.0.0.68",
    "1.2.5-latest": "3.4.9.171",
    "1.3.2-latest": "4.3.5.318",
    "1.4.0-latest": "5.0.0.326",
    "1.4.1-latest": "6.0.0.329",
    "1.4.2-latest": "6.0.1.355",
    "1.4.3-latest": "6.2.1.358",
    "1.4.4-latest": "6.3.0.378",
    "1.4.5-latest": "6.4.2.448",
    "1.4.6-latest": "6.5.0.489",
    "1.4.7-latest": "6.6.2.534",
    "1.5-latest": "7.7.0.598",
    "1.5.1-latest": "7.7.2.682",
    "1.5.2-latest": "7.8.1.738",
    "1.5.2-recommended": "7.8.1.738",
    "1.6.1-latest": "8.9.0.775",
    "1.6.2-latest": "9.10.1.871",
    "1.6.2-recommended": "9.10.1.871",
    "1.6.3-latest": "9.11.0.878",
    "1.6.4-latest": "9.11.1.1345",
    "1.6.4-recommended": "9.11.1.1345",
    "1.7.2-latest": "10.12.2.1161",
    "1.7.2-recommended": "10.12.2.1161",
    "1.7.10_pre4-latest": "10.12.2.1149",
    "1.7.10-latest": "10.13.4.1614",
    "1.7.10-recommended": "10.13.4.1614",
    "1.8-latest": "11.14.4.1577",
    "1.8-recommended": "11.14.4.1563",
    "1.8.8-latest": "11.15.0.1655",
    "1.8.9-latest": "11.15.1.2318",
    "1.8.9-recommended": "11.15.1.2318",
    "1.9-latest": "12.16.1.1938",
    "1.9-recommended": "12.16.1.1887",
    "1.9.4-latest": "12.17.0.2317",
    "1.9.4-recommended": "12.17.0.2317",
    "1.10-latest": "12.18.0.2000",
    "1.10.2-latest": "12.18.3.2511",
    "1.10.2-recommended": "12.18.3.2511",
    "1.11-latest": "13.19.1.2199",
    "1.11-recommended": "13.19.1.2189",
    "1.11.2-latest": "13.20.1.2588",
    "1.11.2-recommended": "13.20.1.2588",
    "1.12-latest": "14.21.1.2443",
    "1.12-recommended": "14.21.1.2387",
    "1.12.1-latest": "14.22.1.2485",
    "1.12.1-recommended": "14.22.1.2478",
    "1.12.2-latest": "14.23.5.2860",
    "1.12.2-recommended": "14.23.5.2859",
    "1.13.2-latest": "25.0.223",
    "1.14.2-latest": "26.0.63",
    "1.14.3-latest": "27.0.60",
    "1.14.4-latest": "28.2.26",
    "1.14.4-recommended": "28.2.26",
    "1.15-latest": "29.0.4",
    "1.15.1-latest": "30.0.51",
    "1.15.2-latest": "31.2.57",
    "1.15.2-recommended": "31.2.57",
    "1.16.1-latest": "32.0.108",
    "1.16.2-latest": "33.0.61",
    "1.16.3-latest": "34.1.42",
    "1.16.3-recommended": "34.1.0",
    "1.16.4-latest": "35.1.37",
    "1.16.4-recommended": "35.1.4",
    "1.16.5-latest": "36.2.23",
    "1.16.5-recommended": "36.2.20",
    "1.17.1-latest": "37.1.1",
    "1.17.1-recommended": "37.1.1",
    "1.18-latest": "38.0.17",
    "1.18.1-latest": "39.0.44"
  }
}
[19Jan2022 12:39:28.046] [Forge Version Check/INFO] [net.minecraftforge.fml.VersionChecker/]: [forge] Found status: BETA Current: 39.0.44 Target: 39.0.44
